<?xml version="1.0" encoding="UTF-8"?>
<testng-results skipped="0" failed="0" ignored="0" total="1" passed="1">
  <reporter-output>
  </reporter-output>
  <suite name="Default suite" duration-ms="28862" started-at="2021-07-03T12:59:54Z" finished-at="2021-07-03T13:00:23Z">
    <groups>
    </groups>
    <test name="Default test" duration-ms="28862" started-at="2021-07-03T12:59:54Z" finished-at="2021-07-03T13:00:23Z">
      <class name="com.ss.demo.DemoTest">
        <test-method status="PASS" signature="runDEmo()[pri:0, instance:com.ss.demo.DemoTest@45018215]" name="runDEmo" duration-ms="28842" started-at="2021-07-03T12:59:54Z" finished-at="2021-07-03T13:00:23Z">
          <reporter-output>
          </reporter-output>
        </test-method> <!-- runDEmo -->
      </class> <!-- com.ss.demo.DemoTest -->
    </test> <!-- Default test -->
  </suite> <!-- Default suite -->
</testng-results>
